[20:35:03] [ServerMain/INFO]: Environment: Environment[sessionHost=https://sessionserver.mojang.com, servicesHost=https://api.minecraftservices.com, profilesHost=https://api.mojang.com, name=PROD]
[20:35:04] [ServerMain/INFO]: Loaded 1470 recipes
[20:35:04] [ServerMain/INFO]: Loaded 1584 advancements
[20:35:04] [Server thread/INFO]: Starting minecraft server version 1.21.11
[20:35:04] [Server thread/INFO]: Loading properties
[20:35:04] [Server thread/INFO]: Default game type: SURVIVAL
[20:35:04] [Server thread/INFO]: Generating keypair
[20:35:04] [Server thread/INFO]: Starting Minecraft server on *:25565
[20:35:05] [Server thread/WARN]: **** SERVER IS RUNNING IN OFFLINE/INSECURE MODE!
[20:35:05] [Server thread/WARN]: The server will make no attempt to authenticate usernames. Beware.
[20:35:05] [Server thread/WARN]: While this makes the game possible to play without internet access, it also opens up the ability for hackers to connect with any username they choose.
[20:35:05] [Server thread/WARN]: To change this, set "online-mode" to "true" in the server.properties file.
[20:35:05] [Server thread/INFO]: Preparing level "world"
[20:35:05] [Server thread/INFO]: Loading 0 persistent chunks...
[20:35:05] [Server thread/INFO]: Preparing spawn area: 100%
[20:35:05] [Server thread/INFO]: Time elapsed: 14 ms
[20:35:05] [Server thread/INFO]: Done (0.381s)! For help, type "help"
[20:35:13] [Server thread/INFO]: iamthe_benja (1ae080f6-fd0a-3c1d-9dbe-705a6283aed2) lost connection: Disconnected
[20:35:20] [Server thread/INFO]: iamthe_benja[/100.101.234.2:45206] logged in with entity id 18 at (-7.5, 43.0, 7.5)
[20:35:20] [Server thread/INFO]: iamthe_benja joined the game
[20:35:53] [Server thread/INFO]: iamthe_benja has made the advancement [Monster Hunter]
[20:36:45] [Server thread/INFO]: Mar1ob2os[/100.85.124.118:54689] logged in with entity id 698 at (-1.5, 72.0, 9.5)
[20:36:45] [Server thread/INFO]: Mar1ob2os joined the game
[20:37:00] [Server thread/INFO]: [Not Secure] <iamthe_benja> veni aca abajo
[20:37:03] [Server thread/INFO]: [Not Secure] <iamthe_benja> yo apareci aca
[20:37:04] [Server thread/INFO]: [Not Secure] <iamthe_benja> encima
[20:37:05] [Server thread/INFO]: [Not Secure] <iamthe_benja> XD
[20:37:07] [Server thread/INFO]: [Not Secure] <Mar1ob2os> xddd
[20:37:11] [Server thread/INFO]: [Not Secure] <Mar1ob2os> perame llevo madera
[20:38:05] [Server thread/INFO]: [Not Secure] <iamthe_benja> hay hierro en todas partes
[20:38:09] [Server thread/INFO]: [Not Secure] <Mar1ob2os> ya veo
[20:38:13] [Server thread/INFO]: [Not Secure] <iamthe_benja> creo que nos bendecieron con la semilla
[20:38:26] [Server thread/INFO]: Mar1ob2os has made the advancement [Stone Age]
[20:38:45] [Server thread/INFO]: iamthe_benja has made the advancement [Stone Age]
[20:38:50] [Server thread/INFO]: Mar1ob2os has made the advancement [Getting an Upgrade]
[20:38:51] [Server thread/INFO]: iamthe_benja has made the advancement [Getting an Upgrade]
[20:40:13] [Server thread/INFO]: Mar1ob2os has made the advancement [Monster Hunter]
[20:40:40] [Server thread/INFO]: Mar1ob2os has made the advancement [Acquire Hardware]
[20:40:53] [Server thread/INFO]: Mar1ob2os has made the advancement [Isn't It Iron Pick]
[20:40:58] [Server thread/INFO]: iamthe_benja has made the advancement [Acquire Hardware]
[20:41:10] [Server thread/INFO]: iamthe_benja has made the advancement [Isn't It Iron Pick]
[20:41:10] [Server thread/INFO]: Mar1ob2os has made the advancement [Diamonds!]
[20:41:14] [Server thread/INFO]: [Not Secure] <iamthe_benja> damn
[20:41:22] [Server thread/INFO]: [Not Secure] <Mar1ob2os> speeeeeedrun
[20:41:39] [Server thread/INFO]: iamthe_benja was impaled on a stalagmite
[20:41:45] [Server thread/INFO]: [Not Secure] <iamthe_benja> top global soy
[20:41:46] [Server thread/INFO]: [Not Secure] <Mar1ob2os> nooo
[20:41:48] [Server thread/INFO]: [Not Secure] <Mar1ob2os> xddd
[20:41:49] [Server thread/INFO]: iamthe_benja fell from a high place
[20:42:39] [Server thread/INFO]: iamthe_benja burned to death
[20:45:21] [Server thread/INFO]: [Not Secure] <Mar1ob2os> ando haciendo speedrun pq en 1h voy al dentista
[20:45:29] [Server thread/INFO]: [Not Secure] <iamthe_benja> ok
[20:46:41] [Server thread/INFO]: [Not Secure] <iamthe_benja> q suerte es esta
[20:46:45] [Server thread/INFO]: [Not Secure] <iamthe_benja> estoy encontrando diamantes
[20:46:49] [Server thread/INFO]: [Not Secure] <iamthe_benja> y no tengo como picarlos
[20:46:49] [Server thread/INFO]: [Not Secure] <Mar1ob2os> dayum
[20:48:43] [Server thread/INFO]: iamthe_benja has made the advancement [Diamonds!]
[20:49:30] [Server thread/INFO]: iamthe_benja has made the advancement [Not Today, Thank You]
[20:50:04] [Server thread/INFO]: [Not Secure] <iamthe_benja> encontre una mena de diez diamantes
[20:50:05] [Server thread/INFO]: [Not Secure] <iamthe_benja> xd
[20:50:11] [Server thread/INFO]: [Not Secure] <Mar1ob2os> asu maquina
[20:51:05] [Server thread/INFO]: iamthe_benja has made the advancement [Cover Me with Diamonds]
[20:52:23] [Server thread/INFO]: [Not Secure] <iamthe_benja> tenes comida?
[20:52:26] [Server thread/INFO]: Mar1ob2os has made the advancement [Cover Me with Diamonds]
[20:52:33] [Server thread/INFO]: [Not Secure] <Mar1ob2os> nada
[20:52:37] [Server thread/INFO]: Mar1ob2os has made the advancement [Suit Up]
[20:53:56] [Server thread/INFO]: iamthe_benja tried to swim in lava
[20:54:02] [Server thread/INFO]: [Not Secure] <iamthe_benja> NOOO
[20:54:04] [Server thread/INFO]: [Not Secure] <Mar1ob2os> NOOO
[20:54:12] [Server thread/INFO]: [Not Secure] <iamthe_benja> y se me quemo todo es lo malo
[20:57:51] [Server thread/INFO]: [Not Secure] <iamthe_benja> a
[20:57:52] [Server thread/INFO]: [Not Secure] <iamthe_benja> ola
[20:57:52] [Server thread/INFO]: [Not Secure] <Mar1ob2os> halou
[20:57:54] [Server thread/INFO]: [Not Secure] <Mar1ob2os> olaola
[20:57:59] [Server thread/INFO]: [Not Secure] <Mar1ob2os> bueno
[20:58:02] [Server thread/INFO]: [Not Secure] <Mar1ob2os> ya me voyy
[20:58:04] [Server thread/INFO]: [Not Secure] <Mar1ob2os> chau
[20:58:06] [Server thread/INFO]: [Not Secure] <iamthe_benja> bye
[20:58:14] [Server thread/INFO]: [Not Secure] <Mar1ob2os> vuelvo alrededor de 1.5h
[20:58:17] [Server thread/INFO]: [Not Secure] <iamthe_benja> ok
[20:58:18] [Server thread/INFO]: Mar1ob2os lost connection: Disconnected
[20:58:18] [Server thread/INFO]: Mar1ob2os left the game
[20:58:21] [Server thread/INFO]: iamthe_benja lost connection: Disconnected
[20:58:21] [Server thread/INFO]: iamthe_benja left the game
[20:58:30] [Server thread/INFO]: Stopping the server
[20:58:30] [Server thread/INFO]: Stopping server
[20:58:30] [Server thread/INFO]: Saving players
[20:58:30] [Server thread/INFO]: Saving worlds
[20:58:30] [Server thread/INFO]: Saving chunks for level 'ServerLevel[world]'/minecraft:overworld
[20:58:30] [Server thread/INFO]: Saving chunks for level 'ServerLevel[world]'/minecraft:the_nether
[20:58:30] [Server thread/INFO]: Saving chunks for level 'ServerLevel[world]'/minecraft:the_end
[20:58:30] [Server thread/INFO]: ThreadedAnvilChunkStorage (world): All chunks are saved
[20:58:30] [Server thread/INFO]: ThreadedAnvilChunkStorage (DIM-1): All chunks are saved
[20:58:30] [Server thread/INFO]: ThreadedAnvilChunkStorage (DIM1): All chunks are saved
[20:58:30] [Server thread/INFO]: ThreadedAnvilChunkStorage: All dimensions are saved
